<?xml version="1.0" encoding="UTF-8"?>
<testsuite xmlns:xsi="http://www.w3.org/2001/XMLSchema-instance" xsi:noNamespaceSchemaLocation="https://maven.apache.org/surefire/maven-surefire-plugin/xsd/surefire-test-report.xsd" name="br.com.akross.sdpcorepattern.SdpCorePatternGithubApplicationTests" time="2.526" tests="1" errors="0" skipped="0" failures="0">
  <properties>
    <property name="java.specification.version" value="17"/>
    <property name="sun.cpu.isalist" value="amd64"/>
    <property name="sun.jnu.encoding" value="Cp1252"/>
    <property name="java.class.path" value="C:\Users\joao.villar\Documents\Projetos\sdp-core-pattern-github\target\test-classes;C:\Users\joao.villar\Documents\Projetos\sdp-core-pattern-github\target\classes;C:\Users\joao.villar\.m2\repository\org\springframework\boot\spring-boot-starter\2.7.3\spring-boot-starter-2.7.3.jar;C:\Users\joao.villar\.m2\repository\org\springframework\boot\spring-boot\2.7.3\spring-boot-2.7.3.jar;C:\Users\joao.villar\.m2\repository\org\springframework\spring-context\5.3.22\spring-context-5.3.22.jar;C:\Users\joao.villar\.m2\repository\org\springframework\spring-aop\5.3.22\spring-aop-5.3.22.jar;C:\Users\joao.villar\.m2\repository\org\springframework\spring-beans\5.3.22\spring-beans-5.3.22.jar;C:\Users\joao.villar\.m2\repository\org\springframework\spring-expression\5.3.22\spring-expression-5.3.22.jar;C:\Users\joao.villar\.m2\repository\org\springframework\boot\spring-boot-autoconfigure\2.7.3\spring-boot-autoconfigure-2.7.3.jar;C:\Users\joao.villar\.m2\repository\org\springframework\boot\spring-boot-starter-logging\2.7.3\spring-boot-starter-logging-2.7.3.jar;C:\Users\joao.villar\.m2\repository\ch\qos\logback\logback-classic\1.2.11\logback-classic-1.2.11.jar;C:\Users\joao.villar\.m2\repository\ch\qos\logback\logback-core\1.2.11\logback-core-1.2.11.jar;C:\Users\joao.villar\.m2\repository\org\apache\logging\log4j\log4j-to-slf4j\2.17.2\log4j-to-slf4j-2.17.2.jar;C:\Users\joao.villar\.m2\repository\org\apache\logging\log4j\log4j-api\2.17.2\log4j-api-2.17.2.jar;C:\Users\joao.villar\.m2\repository\org\slf4j\jul-to-slf4j\1.7.36\jul-to-slf4j-1.7.36.jar;C:\Users\joao.villar\.m2\repository\jakarta\annotation\jakarta.annotation-api\1.3.5\jakarta.annotation-api-1.3.5.jar;C:\Users\joao.villar\.m2\repository\org\springframework\spring-core\5.3.22\spring-core-5.3.22.jar;C:\Users\joao.villar\.m2\repository\org\springframework\spring-jcl\5.3.22\spring-jcl-5.3.22.jar;C:\Users\joao.villar\.m2\repository\org\yaml\snakeyaml\1.30\snakeyaml-1.30.jar;C:\Users\joao.villar\.m2\repository\org\projectlombok\lombok\1.18.24\lombok-1.18.24.jar;C:\Users\joao.villar\.m2\repository\jakarta\validation\jakarta.validation-api\2.0.2\jakarta.validation-api-2.0.2.jar;C:\Users\joao.villar\.m2\repository\org\apache\commons\commons-lang3\3.12.0\commons-lang3-3.12.0.jar;C:\Users\joao.villar\.m2\repository\org\springframework\boot\spring-boot-starter-test\2.7.3\spring-boot-starter-test-2.7.3.jar;C:\Users\joao.villar\.m2\repository\org\springframework\boot\spring-boot-test\2.7.3\spring-boot-test-2.7.3.jar;C:\Users\joao.villar\.m2\repository\org\springframework\boot\spring-boot-test-autoconfigure\2.7.3\spring-boot-test-autoconfigure-2.7.3.jar;C:\Users\joao.villar\.m2\repository\com\jayway\jsonpath\json-path\2.7.0\json-path-2.7.0.jar;C:\Users\joao.villar\.m2\repository\net\minidev\json-smart\2.4.8\json-smart-2.4.8.jar;C:\Users\joao.villar\.m2\repository\net\minidev\accessors-smart\2.4.8\accessors-smart-2.4.8.jar;C:\Users\joao.villar\.m2\repository\org\ow2\asm\asm\9.1\asm-9.1.jar;C:\Users\joao.villar\.m2\repository\org\slf4j\slf4j-api\1.7.36\slf4j-api-1.7.36.jar;C:\Users\joao.villar\.m2\repository\jakarta\xml\bind\jakarta.xml.bind-api\2.3.3\jakarta.xml.bind-api-2.3.3.jar;C:\Users\joao.villar\.m2\repository\jakarta\activation\jakarta.activation-api\1.2.2\jakarta.activation-api-1.2.2.jar;C:\Users\joao.villar\.m2\repository\org\assertj\assertj-core\3.22.0\assertj-core-3.22.0.jar;C:\Users\joao.villar\.m2\repository\org\hamcrest\hamcrest\2.2\hamcrest-2.2.jar;C:\Users\joao.villar\.m2\repository\org\junit\jupiter\junit-jupiter\5.8.2\junit-jupiter-5.8.2.jar;C:\Users\joao.villar\.m2\repository\org\junit\jupiter\junit-jupiter-api\5.8.2\junit-jupiter-api-5.8.2.jar;C:\Users\joao.villar\.m2\repository\org\opentest4j\opentest4j\1.2.0\opentest4j-1.2.0.jar;C:\Users\joao.villar\.m2\repository\org\junit\platform\junit-platform-commons\1.8.2\junit-platform-commons-1.8.2.jar;C:\Users\joao.villar\.m2\repository\org\apiguardian\apiguardian-api\1.1.2\apiguardian-api-1.1.2.jar;C:\Users\joao.villar\.m2\repository\org\junit\jupiter\junit-jupiter-params\5.8.2\junit-jupiter-params-5.8.2.jar;C:\Users\joao.villar\.m2\repository\org\junit\jupiter\junit-jupiter-engine\5.8.2\junit-jupiter-engine-5.8.2.jar;C:\Users\joao.villar\.m2\repository\org\junit\platform\junit-platform-engine\1.8.2\junit-platform-engine-1.8.2.jar;C:\Users\joao.villar\.m2\repository\org\mockito\mockito-core\4.5.1\mockito-core-4.5.1.jar;C:\Users\joao.villar\.m2\repository\net\bytebuddy\byte-buddy\1.12.13\byte-buddy-1.12.13.jar;C:\Users\joao.villar\.m2\repository\net\bytebuddy\byte-buddy-agent\1.12.13\byte-buddy-agent-1.12.13.jar;C:\Users\joao.villar\.m2\repository\org\objenesis\objenesis\3.2\objenesis-3.2.jar;C:\Users\joao.villar\.m2\repository\org\mockito\mockito-junit-jupiter\4.5.1\mockito-junit-jupiter-4.5.1.jar;C:\Users\joao.villar\.m2\repository\org\skyscreamer\jsonassert\1.5.1\jsonassert-1.5.1.jar;C:\Users\joao.villar\.m2\repository\com\vaadin\external\google\android-json\0.0.20131108.vaadin1\android-json-0.0.20131108.vaadin1.jar;C:\Users\joao.villar\.m2\repository\org\springframework\spring-test\5.3.22\spring-test-5.3.22.jar;C:\Users\joao.villar\.m2\repository\org\xmlunit\xmlunit-core\2.9.0\xmlunit-core-2.9.0.jar;C:\Users\joao.villar\.m2\repository\org\apache\maven\plugins\maven-project-info-reports-plugin\3.0.0\maven-project-info-reports-plugin-3.0.0.jar;C:\Users\joao.villar\.m2\repository\org\apache\maven\reporting\maven-reporting-api\3.0\maven-reporting-api-3.0.jar;C:\Users\joao.villar\.m2\repository\org\apache\maven\reporting\maven-reporting-impl\3.0.0\maven-reporting-impl-3.0.0.jar;C:\Users\joao.villar\.m2\repository\org\apache\maven\shared\maven-shared-utils\3.2.0\maven-shared-utils-3.2.0.jar;C:\Users\joao.villar\.m2\repository\org\apache\maven\maven-artifact\3.0\maven-artifact-3.0.jar;C:\Users\joao.villar\.m2\repository\org\apache\maven\maven-core\3.0\maven-core-3.0.jar;C:\Users\joao.villar\.m2\repository\org\apache\maven\maven-settings-builder\3.0\maven-settings-builder-3.0.jar;C:\Users\joao.villar\.m2\repository\org\apache\maven\maven-model-builder\3.0\maven-model-builder-3.0.jar;C:\Users\joao.villar\.m2\repository\org\apache\maven\maven-aether-provider\3.0\maven-aether-provider-3.0.jar;C:\Users\joao.villar\.m2\repository\org\sonatype\aether\aether-impl\1.7\aether-impl-1.7.jar;C:\Users\joao.villar\.m2\repository\org\sonatype\aether\aether-spi\1.7\aether-spi-1.7.jar;C:\Users\joao.villar\.m2\repository\org\sonatype\aether\aether-api\1.7\aether-api-1.7.jar;C:\Users\joao.villar\.m2\repository\org\sonatype\aether\aether-util\1.7\aether-util-1.7.jar;C:\Users\joao.villar\.m2\repository\org\sonatype\sisu\sisu-inject-plexus\1.4.2\sisu-inject-plexus-1.4.2.jar;C:\Users\joao.villar\.m2\repository\org\sonatype\sisu\sisu-inject-bean\1.4.2\sisu-inject-bean-1.4.2.jar;C:\Users\joao.villar\.m2\repository\org\sonatype\sisu\sisu-guice\2.1.7\sisu-guice-2.1.7-noaop.jar;C:\Users\joao.villar\.m2\repository\org\codehaus\plexus\plexus-classworlds\2.2.3\plexus-classworlds-2.2.3.jar;C:\Users\joao.villar\.m2\repository\org\codehaus\plexus\plexus-component-annotations\1.5.5\plexus-component-annotations-1.5.5.jar;C:\Users\joao.villar\.m2\repository\org\sonatype\plexus\plexus-sec-dispatcher\1.3\plexus-sec-dispatcher-1.3.jar;C:\Users\joao.villar\.m2\repository\org\sonatype\plexus\plexus-cipher\1.4\plexus-cipher-1.4.jar;C:\Users\joao.villar\.m2\repository\org\apache\maven\maven-model\3.0\maven-model-3.0.jar;C:\Users\joao.villar\.m2\repository\org\apache\maven\maven-plugin-api\3.0\maven-plugin-api-3.0.jar;C:\Users\joao.villar\.m2\repository\org\apache\maven\maven-repository-metadata\3.0\maven-repository-metadata-3.0.jar;C:\Users\joao.villar\.m2\repository\org\apache\maven\maven-settings\3.0\maven-settings-3.0.jar;C:\Users\joao.villar\.m2\repository\org\apache\maven\shared\maven-dependency-tree\2.2\maven-dependency-tree-2.2.jar;C:\Users\joao.villar\.m2\repository\org\eclipse\aether\aether-util\0.9.0.M2\aether-util-0.9.0.M2.jar;C:\Users\joao.villar\.m2\repository\org\apache\maven\shared\maven-shared-jar\1.2\maven-shared-jar-1.2.jar;C:\Users\joao.villar\.m2\repository\org\codehaus\plexus\plexus-digest\1.0\plexus-digest-1.0.jar;C:\Users\joao.villar\.m2\repository\org\codehaus\plexus\plexus-container-default\1.0-alpha-8\plexus-container-default-1.0-alpha-8.jar;C:\Users\joao.villar\.m2\repository\junit\junit\4.13.2\junit-4.13.2.jar;C:\Users\joao.villar\.m2\repository\org\hamcrest\hamcrest-core\2.2\hamcrest-core-2.2.jar;C:\Users\joao.villar\.m2\repository\classworlds\classworlds\1.1-alpha-2\classworlds-1.1-alpha-2.jar;C:\Users\joao.villar\.m2\repository\commons-collections\commons-collections\3.1\commons-collections-3.1.jar;C:\Users\joao.villar\.m2\repository\org\apache\bcel\bcel\6.2\bcel-6.2.jar;C:\Users\joao.villar\.m2\repository\org\apache\maven\shared\maven-common-artifact-filters\3.0.1\maven-common-artifact-filters-3.0.1.jar;C:\Users\joao.villar\.m2\repository\org\apache\maven\shared\maven-artifact-transfer\0.9.1\maven-artifact-transfer-0.9.1.jar;C:\Users\joao.villar\.m2\repository\commons-codec\commons-codec\1.15\commons-codec-1.15.jar;C:\Users\joao.villar\.m2\repository\org\apache\maven\scm\maven-scm-api\1.10.0\maven-scm-api-1.10.0.jar;C:\Users\joao.villar\.m2\repository\org\apache\maven\scm\maven-scm-manager-plexus\1.10.0\maven-scm-manager-plexus-1.10.0.jar;C:\Users\joao.villar\.m2\repository\org\apache\maven\scm\maven-scm-provider-hg\1.10.0\maven-scm-provider-hg-1.10.0.jar;C:\Users\joao.villar\.m2\repository\org\apache\maven\scm\maven-scm-provider-perforce\1.10.0\maven-scm-provider-perforce-1.10.0.jar;C:\Users\joao.villar\.m2\repository\org\apache\maven\scm\maven-scm-provider-starteam\1.10.0\maven-scm-provider-starteam-1.10.0.jar;C:\Users\joao.villar\.m2\repository\org\apache\maven\scm\maven-scm-provider-svn-commons\1.10.0\maven-scm-provider-svn-commons-1.10.0.jar;C:\Users\joao.villar\.m2\repository\org\apache\maven\scm\maven-scm-provider-svnexe\1.10.0\maven-scm-provider-svnexe-1.10.0.jar;C:\Users\joao.villar\.m2\repository\commons-lang\commons-lang\2.6\commons-lang-2.6.jar;C:\Users\joao.villar\.m2\repository\org\apache\maven\scm\maven-scm-provider-cvs-commons\1.10.0\maven-scm-provider-cvs-commons-1.10.0.jar;C:\Users\joao.villar\.m2\repository\org\apache\maven\scm\maven-scm-provider-cvsexe\1.10.0\maven-scm-provider-cvsexe-1.10.0.jar;C:\Users\joao.villar\.m2\repository\org\apache\maven\scm\maven-scm-provider-cvsjava\1.10.0\maven-scm-provider-cvsjava-1.10.0.jar;C:\Users\joao.villar\.m2\repository\org\netbeans\lib\cvsclient\20060125\cvsclient-20060125.jar;C:\Users\joao.villar\.m2\repository\ch\ethz\ganymed\ganymed-ssh2\build210\ganymed-ssh2-build210.jar;C:\Users\joao.villar\.m2\repository\org\apache\maven\scm\maven-scm-provider-git-commons\1.10.0\maven-scm-provider-git-commons-1.10.0.jar;C:\Users\joao.villar\.m2\repository\org\apache\maven\scm\maven-scm-provider-gitexe\1.10.0\maven-scm-provider-gitexe-1.10.0.jar;C:\Users\joao.villar\.m2\repository\commons-io\commons-io\2.2\commons-io-2.2.jar;C:\Users\joao.villar\.m2\repository\org\apache\maven\doxia\doxia-sink-api\1.8\doxia-sink-api-1.8.jar;C:\Users\joao.villar\.m2\repository\org\apache\maven\doxia\doxia-logging-api\1.8\doxia-logging-api-1.8.jar;C:\Users\joao.villar\.m2\repository\org\apache\maven\doxia\doxia-core\1.8\doxia-core-1.8.jar;C:\Users\joao.villar\.m2\repository\org\apache\httpcomponents\httpclient\4.5.13\httpclient-4.5.13.jar;C:\Users\joao.villar\.m2\repository\org\apache\httpcomponents\httpcore\4.4.15\httpcore-4.4.15.jar;C:\Users\joao.villar\.m2\repository\org\apache\maven\doxia\doxia-decoration-model\1.8.1\doxia-decoration-model-1.8.1.jar;C:\Users\joao.villar\.m2\repository\org\apache\maven\doxia\doxia-site-renderer\1.8.1\doxia-site-renderer-1.8.1.jar;C:\Users\joao.villar\.m2\repository\org\apache\maven\doxia\doxia-skin-model\1.8.1\doxia-skin-model-1.8.1.jar;C:\Users\joao.villar\.m2\repository\org\apache\maven\doxia\doxia-module-xhtml\1.8\doxia-module-xhtml-1.8.jar;C:\Users\joao.villar\.m2\repository\org\codehaus\plexus\plexus-velocity\1.2\plexus-velocity-1.2.jar;C:\Users\joao.villar\.m2\repository\org\apache\velocity\velocity\1.7\velocity-1.7.jar;C:\Users\joao.villar\.m2\repository\org\apache\velocity\velocity-tools\2.0\velocity-tools-2.0.jar;C:\Users\joao.villar\.m2\repository\commons-chain\commons-chain\1.1\commons-chain-1.1.jar;C:\Users\joao.villar\.m2\repository\dom4j\dom4j\1.1\dom4j-1.1.jar;C:\Users\joao.villar\.m2\repository\oro\oro\2.0.8\oro-2.0.8.jar;C:\Users\joao.villar\.m2\repository\sslext\sslext\1.2-0\sslext-1.2-0.jar;C:\Users\joao.villar\.m2\repository\org\apache\struts\struts-core\1.3.8\struts-core-1.3.8.jar;C:\Users\joao.villar\.m2\repository\antlr\antlr\2.7.7\antlr-2.7.7.jar;C:\Users\joao.villar\.m2\repository\org\apache\struts\struts-taglib\1.3.8\struts-taglib-1.3.8.jar;C:\Users\joao.villar\.m2\repository\org\apache\struts\struts-tiles\1.3.8\struts-tiles-1.3.8.jar;C:\Users\joao.villar\.m2\repository\org\apache\maven\doxia\doxia-integration-tools\1.8.1\doxia-integration-tools-1.8.1.jar;C:\Users\joao.villar\.m2\repository\org\codehaus\plexus\plexus-i18n\1.0-beta-10\plexus-i18n-1.0-beta-10.jar;C:\Users\joao.villar\.m2\repository\org\codehaus\plexus\plexus-utils\3.1.0\plexus-utils-3.1.0.jar;C:\Users\joao.villar\.m2\repository\org\codehaus\plexus\plexus-interpolation\1.25\plexus-interpolation-1.25.jar;C:\Users\joao.villar\.m2\repository\org\apache\maven\wagon\wagon-http-lightweight\3.1.0\wagon-http-lightweight-3.1.0.jar;C:\Users\joao.villar\.m2\repository\org\apache\maven\wagon\wagon-http-shared\3.1.0\wagon-http-shared-3.1.0.jar;C:\Users\joao.villar\.m2\repository\org\jsoup\jsoup\1.11.2\jsoup-1.11.2.jar;C:\Users\joao.villar\.m2\repository\org\apache\maven\wagon\wagon-provider-api\3.1.0\wagon-provider-api-3.1.0.jar;C:\Users\joao.villar\.m2\repository\commons-validator\commons-validator\1.6\commons-validator-1.6.jar;C:\Users\joao.villar\.m2\repository\commons-beanutils\commons-beanutils\1.9.2\commons-beanutils-1.9.2.jar;C:\Users\joao.villar\.m2\repository\commons-digester\commons-digester\1.8.1\commons-digester-1.8.1.jar;C:\Users\joao.villar\.m2\repository\commons-logging\commons-logging\1.2\commons-logging-1.2.jar;"/>
    <property name="java.vm.vendor" value="Amazon.com Inc."/>
    <property name="sun.arch.data.model" value="64"/>
    <property name="user.variant" value=""/>
    <property name="java.vendor.url" value="https://aws.amazon.com/corretto/"/>
    <property name="user.timezone" value="America/Sao_Paulo"/>
    <property name="os.name" value="Windows 10"/>
    <property name="java.vm.specification.version" value="17"/>
    <property name="sun.java.launcher" value="SUN_STANDARD"/>
    <property name="user.country" value="BR"/>
    <property name="sun.boot.library.path" value="C:\Users\joao.villar\.jdks\corretto-17.0.4\bin"/>
    <property name="sun.java.command" value="C:\Users\JOAO~1.VIL\AppData\Local\Temp\surefire14799861836142978729\surefirebooter6741218323780288362.jar C:\Users\joao.villar\AppData\Local\Temp\surefire14799861836142978729 2022-09-21T17-31-46_810-jvmRun1 surefire17012304030522247634tmp surefire_04569168054742327132tmp"/>
    <property name="jdk.debug" value="release"/>
    <property name="surefire.test.class.path" value="C:\Users\joao.villar\Documents\Projetos\sdp-core-pattern-github\target\test-classes;C:\Users\joao.villar\Documents\Projetos\sdp-core-pattern-github\target\classes;C:\Users\joao.villar\.m2\repository\org\springframework\boot\spring-boot-starter\2.7.3\spring-boot-starter-2.7.3.jar;C:\Users\joao.villar\.m2\repository\org\springframework\boot\spring-boot\2.7.3\spring-boot-2.7.3.jar;C:\Users\joao.villar\.m2\repository\org\springframework\spring-context\5.3.22\spring-context-5.3.22.jar;C:\Users\joao.villar\.m2\repository\org\springframework\spring-aop\5.3.22\spring-aop-5.3.22.jar;C:\Users\joao.villar\.m2\repository\org\springframework\spring-beans\5.3.22\spring-beans-5.3.22.jar;C:\Users\joao.villar\.m2\repository\org\springframework\spring-expression\5.3.22\spring-expression-5.3.22.jar;C:\Users\joao.villar\.m2\repository\org\springframework\boot\spring-boot-autoconfigure\2.7.3\spring-boot-autoconfigure-2.7.3.jar;C:\Users\joao.villar\.m2\repository\org\springframework\boot\spring-boot-starter-logging\2.7.3\spring-boot-starter-logging-2.7.3.jar;C:\Users\joao.villar\.m2\repository\ch\qos\logback\logback-classic\1.2.11\logback-classic-1.2.11.jar;C:\Users\joao.villar\.m2\repository\ch\qos\logback\logback-core\1.2.11\logback-core-1.2.11.jar;C:\Users\joao.villar\.m2\repository\org\apache\logging\log4j\log4j-to-slf4j\2.17.2\log4j-to-slf4j-2.17.2.jar;C:\Users\joao.villar\.m2\repository\org\apache\logging\log4j\log4j-api\2.17.2\log4j-api-2.17.2.jar;C:\Users\joao.villar\.m2\repository\org\slf4j\jul-to-slf4j\1.7.36\jul-to-slf4j-1.7.36.jar;C:\Users\joao.villar\.m2\repository\jakarta\annotation\jakarta.annotation-api\1.3.5\jakarta.annotation-api-1.3.5.jar;C:\Users\joao.villar\.m2\repository\org\springframework\spring-core\5.3.22\spring-core-5.3.22.jar;C:\Users\joao.villar\.m2\repository\org\springframework\spring-jcl\5.3.22\spring-jcl-5.3.22.jar;C:\Users\joao.villar\.m2\repository\org\yaml\snakeyaml\1.30\snakeyaml-1.30.jar;C:\Users\joao.villar\.m2\repository\org\projectlombok\lombok\1.18.24\lombok-1.18.24.jar;C:\Users\joao.villar\.m2\repository\jakarta\validation\jakarta.validation-api\2.0.2\jakarta.validation-api-2.0.2.jar;C:\Users\joao.villar\.m2\repository\org\apache\commons\commons-lang3\3.12.0\commons-lang3-3.12.0.jar;C:\Users\joao.villar\.m2\repository\org\springframework\boot\spring-boot-starter-test\2.7.3\spring-boot-starter-test-2.7.3.jar;C:\Users\joao.villar\.m2\repository\org\springframework\boot\spring-boot-test\2.7.3\spring-boot-test-2.7.3.jar;C:\Users\joao.villar\.m2\repository\org\springframework\boot\spring-boot-test-autoconfigure\2.7.3\spring-boot-test-autoconfigure-2.7.3.jar;C:\Users\joao.villar\.m2\repository\com\jayway\jsonpath\json-path\2.7.0\json-path-2.7.0.jar;C:\Users\joao.villar\.m2\repository\net\minidev\json-smart\2.4.8\json-smart-2.4.8.jar;C:\Users\joao.villar\.m2\repository\net\minidev\accessors-smart\2.4.8\accessors-smart-2.4.8.jar;C:\Users\joao.villar\.m2\repository\org\ow2\asm\asm\9.1\asm-9.1.jar;C:\Users\joao.villar\.m2\repository\org\slf4j\slf4j-api\1.7.36\slf4j-api-1.7.36.jar;C:\Users\joao.villar\.m2\repository\jakarta\xml\bind\jakarta.xml.bind-api\2.3.3\jakarta.xml.bind-api-2.3.3.jar;C:\Users\joao.villar\.m2\repository\jakarta\activation\jakarta.activation-api\1.2.2\jakarta.activation-api-1.2.2.jar;C:\Users\joao.villar\.m2\repository\org\assertj\assertj-core\3.22.0\assertj-core-3.22.0.jar;C:\Users\joao.villar\.m2\repository\org\hamcrest\hamcrest\2.2\hamcrest-2.2.jar;C:\Users\joao.villar\.m2\repository\org\junit\jupiter\junit-jupiter\5.8.2\junit-jupiter-5.8.2.jar;C:\Users\joao.villar\.m2\repository\org\junit\jupiter\junit-jupiter-api\5.8.2\junit-jupiter-api-5.8.2.jar;C:\Users\joao.villar\.m2\repository\org\opentest4j\opentest4j\1.2.0\opentest4j-1.2.0.jar;C:\Users\joao.villar\.m2\repository\org\junit\platform\junit-platform-commons\1.8.2\junit-platform-commons-1.8.2.jar;C:\Users\joao.villar\.m2\repository\org\apiguardian\apiguardian-api\1.1.2\apiguardian-api-1.1.2.jar;C:\Users\joao.villar\.m2\repository\org\junit\jupiter\junit-jupiter-params\5.8.2\junit-jupiter-params-5.8.2.jar;C:\Users\joao.villar\.m2\repository\org\junit\jupiter\junit-jupiter-engine\5.8.2\junit-jupiter-engine-5.8.2.jar;C:\Users\joao.villar\.m2\repository\org\junit\platform\junit-platform-engine\1.8.2\junit-platform-engine-1.8.2.jar;C:\Users\joao.villar\.m2\repository\org\mockito\mockito-core\4.5.1\mockito-core-4.5.1.jar;C:\Users\joao.villar\.m2\repository\net\bytebuddy\byte-buddy\1.12.13\byte-buddy-1.12.13.jar;C:\Users\joao.villar\.m2\repository\net\bytebuddy\byte-buddy-agent\1.12.13\byte-buddy-agent-1.12.13.jar;C:\Users\joao.villar\.m2\repository\org\objenesis\objenesis\3.2\objenesis-3.2.jar;C:\Users\joao.villar\.m2\repository\org\mockito\mockito-junit-jupiter\4.5.1\mockito-junit-jupiter-4.5.1.jar;C:\Users\joao.villar\.m2\repository\org\skyscreamer\jsonassert\1.5.1\jsonassert-1.5.1.jar;C:\Users\joao.villar\.m2\repository\com\vaadin\external\google\android-json\0.0.20131108.vaadin1\android-json-0.0.20131108.vaadin1.jar;C:\Users\joao.villar\.m2\repository\org\springframework\spring-test\5.3.22\spring-test-5.3.22.jar;C:\Users\joao.villar\.m2\repository\org\xmlunit\xmlunit-core\2.9.0\xmlunit-core-2.9.0.jar;C:\Users\joao.villar\.m2\repository\org\apache\maven\plugins\maven-project-info-reports-plugin\3.0.0\maven-project-info-reports-plugin-3.0.0.jar;C:\Users\joao.villar\.m2\repository\org\apache\maven\reporting\maven-reporting-api\3.0\maven-reporting-api-3.0.jar;C:\Users\joao.villar\.m2\repository\org\apache\maven\reporting\maven-reporting-impl\3.0.0\maven-reporting-impl-3.0.0.jar;C:\Users\joao.villar\.m2\repository\org\apache\maven\shared\maven-shared-utils\3.2.0\maven-shared-utils-3.2.0.jar;C:\Users\joao.villar\.m2\repository\org\apache\maven\maven-artifact\3.0\maven-artifact-3.0.jar;C:\Users\joao.villar\.m2\repository\org\apache\maven\maven-core\3.0\maven-core-3.0.jar;C:\Users\joao.villar\.m2\repository\org\apache\maven\maven-settings-builder\3.0\maven-settings-builder-3.0.jar;C:\Users\joao.villar\.m2\repository\org\apache\maven\maven-model-builder\3.0\maven-model-builder-3.0.jar;C:\Users\joao.villar\.m2\repository\org\apache\maven\maven-aether-provider\3.0\maven-aether-provider-3.0.jar;C:\Users\joao.villar\.m2\repository\org\sonatype\aether\aether-impl\1.7\aether-impl-1.7.jar;C:\Users\joao.villar\.m2\repository\org\sonatype\aether\aether-spi\1.7\aether-spi-1.7.jar;C:\Users\joao.villar\.m2\repository\org\sonatype\aether\aether-api\1.7\aether-api-1.7.jar;C:\Users\joao.villar\.m2\repository\org\sonatype\aether\aether-util\1.7\aether-util-1.7.jar;C:\Users\joao.villar\.m2\repository\org\sonatype\sisu\sisu-inject-plexus\1.4.2\sisu-inject-plexus-1.4.2.jar;C:\Users\joao.villar\.m2\repository\org\sonatype\sisu\sisu-inject-bean\1.4.2\sisu-inject-bean-1.4.2.jar;C:\Users\joao.villar\.m2\repository\org\sonatype\sisu\sisu-guice\2.1.7\sisu-guice-2.1.7-noaop.jar;C:\Users\joao.villar\.m2\repository\org\codehaus\plexus\plexus-classworlds\2.2.3\plexus-classworlds-2.2.3.jar;C:\Users\joao.villar\.m2\repository\org\codehaus\plexus\plexus-component-annotations\1.5.5\plexus-component-annotations-1.5.5.jar;C:\Users\joao.villar\.m2\repository\org\sonatype\plexus\plexus-sec-dispatcher\1.3\plexus-sec-dispatcher-1.3.jar;C:\Users\joao.villar\.m2\repository\org\sonatype\plexus\plexus-cipher\1.4\plexus-cipher-1.4.jar;C:\Users\joao.villar\.m2\repository\org\apache\maven\maven-model\3.0\maven-model-3.0.jar;C:\Users\joao.villar\.m2\repository\org\apache\maven\maven-plugin-api\3.0\maven-plugin-api-3.0.jar;C:\Users\joao.villar\.m2\repository\org\apache\maven\maven-repository-metadata\3.0\maven-repository-metadata-3.0.jar;C:\Users\joao.villar\.m2\repository\org\apache\maven\maven-settings\3.0\maven-settings-3.0.jar;C:\Users\joao.villar\.m2\repository\org\apache\maven\shared\maven-dependency-tree\2.2\maven-dependency-tree-2.2.jar;C:\Users\joao.villar\.m2\repository\org\eclipse\aether\aether-util\0.9.0.M2\aether-util-0.9.0.M2.jar;C:\Users\joao.villar\.m2\repository\org\apache\maven\shared\maven-shared-jar\1.2\maven-shared-jar-1.2.jar;C:\Users\joao.villar\.m2\repository\org\codehaus\plexus\plexus-digest\1.0\plexus-digest-1.0.jar;C:\Users\joao.villar\.m2\repository\org\codehaus\plexus\plexus-container-default\1.0-alpha-8\plexus-container-default-1.0-alpha-8.jar;C:\Users\joao.villar\.m2\repository\junit\junit\4.13.2\junit-4.13.2.jar;C:\Users\joao.villar\.m2\repository\org\hamcrest\hamcrest-core\2.2\hamcrest-core-2.2.jar;C:\Users\joao.villar\.m2\repository\classworlds\classworlds\1.1-alpha-2\classworlds-1.1-alpha-2.jar;C:\Users\joao.villar\.m2\repository\commons-collections\commons-collections\3.1\commons-collections-3.1.jar;C:\Users\joao.villar\.m2\repository\org\apache\bcel\bcel\6.2\bcel-6.2.jar;C:\Users\joao.villar\.m2\repository\org\apache\maven\shared\maven-common-artifact-filters\3.0.1\maven-common-artifact-filters-3.0.1.jar;C:\Users\joao.villar\.m2\repository\org\apache\maven\shared\maven-artifact-transfer\0.9.1\maven-artifact-transfer-0.9.1.jar;C:\Users\joao.villar\.m2\repository\commons-codec\commons-codec\1.15\commons-codec-1.15.jar;C:\Users\joao.villar\.m2\repository\org\apache\maven\scm\maven-scm-api\1.10.0\maven-scm-api-1.10.0.jar;C:\Users\joao.villar\.m2\repository\org\apache\maven\scm\maven-scm-manager-plexus\1.10.0\maven-scm-manager-plexus-1.10.0.jar;C:\Users\joao.villar\.m2\repository\org\apache\maven\scm\maven-scm-provider-hg\1.10.0\maven-scm-provider-hg-1.10.0.jar;C:\Users\joao.villar\.m2\repository\org\apache\maven\scm\maven-scm-provider-perforce\1.10.0\maven-scm-provider-perforce-1.10.0.jar;C:\Users\joao.villar\.m2\repository\org\apache\maven\scm\maven-scm-provider-starteam\1.10.0\maven-scm-provider-starteam-1.10.0.jar;C:\Users\joao.villar\.m2\repository\org\apache\maven\scm\maven-scm-provider-svn-commons\1.10.0\maven-scm-provider-svn-commons-1.10.0.jar;C:\Users\joao.villar\.m2\repository\org\apache\maven\scm\maven-scm-provider-svnexe\1.10.0\maven-scm-provider-svnexe-1.10.0.jar;C:\Users\joao.villar\.m2\repository\commons-lang\commons-lang\2.6\commons-lang-2.6.jar;C:\Users\joao.villar\.m2\repository\org\apache\maven\scm\maven-scm-provider-cvs-commons\1.10.0\maven-scm-provider-cvs-commons-1.10.0.jar;C:\Users\joao.villar\.m2\repository\org\apache\maven\scm\maven-scm-provider-cvsexe\1.10.0\maven-scm-provider-cvsexe-1.10.0.jar;C:\Users\joao.villar\.m2\repository\org\apache\maven\scm\maven-scm-provider-cvsjava\1.10.0\maven-scm-provider-cvsjava-1.10.0.jar;C:\Users\joao.villar\.m2\repository\org\netbeans\lib\cvsclient\20060125\cvsclient-20060125.jar;C:\Users\joao.villar\.m2\repository\ch\ethz\ganymed\ganymed-ssh2\build210\ganymed-ssh2-build210.jar;C:\Users\joao.villar\.m2\repository\org\apache\maven\scm\maven-scm-provider-git-commons\1.10.0\maven-scm-provider-git-commons-1.10.0.jar;C:\Users\joao.villar\.m2\repository\org\apache\maven\scm\maven-scm-provider-gitexe\1.10.0\maven-scm-provider-gitexe-1.10.0.jar;C:\Users\joao.villar\.m2\repository\commons-io\commons-io\2.2\commons-io-2.2.jar;C:\Users\joao.villar\.m2\repository\org\apache\maven\doxia\doxia-sink-api\1.8\doxia-sink-api-1.8.jar;C:\Users\joao.villar\.m2\repository\org\apache\maven\doxia\doxia-logging-api\1.8\doxia-logging-api-1.8.jar;C:\Users\joao.villar\.m2\repository\org\apache\maven\doxia\doxia-core\1.8\doxia-core-1.8.jar;C:\Users\joao.villar\.m2\repository\org\apache\httpcomponents\httpclient\4.5.13\httpclient-4.5.13.jar;C:\Users\joao.villar\.m2\repository\org\apache\httpcomponents\httpcore\4.4.15\httpcore-4.4.15.jar;C:\Users\joao.villar\.m2\repository\org\apache\maven\doxia\doxia-decoration-model\1.8.1\doxia-decoration-model-1.8.1.jar;C:\Users\joao.villar\.m2\repository\org\apache\maven\doxia\doxia-site-renderer\1.8.1\doxia-site-renderer-1.8.1.jar;C:\Users\joao.villar\.m2\repository\org\apache\maven\doxia\doxia-skin-model\1.8.1\doxia-skin-model-1.8.1.jar;C:\Users\joao.villar\.m2\repository\org\apache\maven\doxia\doxia-module-xhtml\1.8\doxia-module-xhtml-1.8.jar;C:\Users\joao.villar\.m2\repository\org\codehaus\plexus\plexus-velocity\1.2\plexus-velocity-1.2.jar;C:\Users\joao.villar\.m2\repository\org\apache\velocity\velocity\1.7\velocity-1.7.jar;C:\Users\joao.villar\.m2\repository\org\apache\velocity\velocity-tools\2.0\velocity-tools-2.0.jar;C:\Users\joao.villar\.m2\repository\commons-chain\commons-chain\1.1\commons-chain-1.1.jar;C:\Users\joao.villar\.m2\repository\dom4j\dom4j\1.1\dom4j-1.1.jar;C:\Users\joao.villar\.m2\repository\oro\oro\2.0.8\oro-2.0.8.jar;C:\Users\joao.villar\.m2\repository\sslext\sslext\1.2-0\sslext-1.2-0.jar;C:\Users\joao.villar\.m2\repository\org\apache\struts\struts-core\1.3.8\struts-core-1.3.8.jar;C:\Users\joao.villar\.m2\repository\antlr\antlr\2.7.7\antlr-2.7.7.jar;C:\Users\joao.villar\.m2\repository\org\apache\struts\struts-taglib\1.3.8\struts-taglib-1.3.8.jar;C:\Users\joao.villar\.m2\repository\org\apache\struts\struts-tiles\1.3.8\struts-tiles-1.3.8.jar;C:\Users\joao.villar\.m2\repository\org\apache\maven\doxia\doxia-integration-tools\1.8.1\doxia-integration-tools-1.8.1.jar;C:\Users\joao.villar\.m2\repository\org\codehaus\plexus\plexus-i18n\1.0-beta-10\plexus-i18n-1.0-beta-10.jar;C:\Users\joao.villar\.m2\repository\org\codehaus\plexus\plexus-utils\3.1.0\plexus-utils-3.1.0.jar;C:\Users\joao.villar\.m2\repository\org\codehaus\plexus\plexus-interpolation\1.25\plexus-interpolation-1.25.jar;C:\Users\joao.villar\.m2\repository\org\apache\maven\wagon\wagon-http-lightweight\3.1.0\wagon-http-lightweight-3.1.0.jar;C:\Users\joao.villar\.m2\repository\org\apache\maven\wagon\wagon-http-shared\3.1.0\wagon-http-shared-3.1.0.jar;C:\Users\joao.villar\.m2\repository\org\jsoup\jsoup\1.11.2\jsoup-1.11.2.jar;C:\Users\joao.villar\.m2\repository\org\apache\maven\wagon\wagon-provider-api\3.1.0\wagon-provider-api-3.1.0.jar;C:\Users\joao.villar\.m2\repository\commons-validator\commons-validator\1.6\commons-validator-1.6.jar;C:\Users\joao.villar\.m2\repository\commons-beanutils\commons-beanutils\1.9.2\commons-beanutils-1.9.2.jar;C:\Users\joao.villar\.m2\repository\commons-digester\commons-digester\1.8.1\commons-digester-1.8.1.jar;C:\Users\joao.villar\.m2\repository\commons-logging\commons-logging\1.2\commons-logging-1.2.jar;"/>
    <property name="sun.cpu.endian" value="little"/>
    <property name="user.home" value="C:\Users\joao.villar"/>
    <property name="user.language" value="pt"/>
    <property name="java.specification.vendor" value="Oracle Corporation"/>
    <property name="java.version.date" value="2022-07-19"/>
    <property name="java.home" value="C:\Users\joao.villar\.jdks\corretto-17.0.4"/>
    <property name="file.separator" value="\"/>
    <property name="basedir" value="C:\Users\joao.villar\Documents\Projetos\sdp-core-pattern-github"/>
    <property name="java.vm.compressedOopsMode" value="Zero based"/>
    <property name="line.separator" value="&#10;"/>
    <property name="java.vm.specification.vendor" value="Oracle Corporation"/>
    <property name="java.specification.name" value="Java Platform API Specification"/>
    <property name="surefire.real.class.path" value="C:\Users\JOAO~1.VIL\AppData\Local\Temp\surefire14799861836142978729\surefirebooter6741218323780288362.jar"/>
    <property name="user.script" value=""/>
    <property name="sun.management.compiler" value="HotSpot 64-Bit Tiered Compilers"/>
    <property name="java.runtime.version" value="17.0.4+8-LTS"/>
    <property name="user.name" value="joao.villar"/>
    <property name="path.separator" value=";"/>
    <property name="os.version" value="10.0"/>
    <property name="java.runtime.name" value="OpenJDK Runtime Environment"/>
    <property name="file.encoding" value="Cp1252"/>
    <property name="java.vm.name" value="OpenJDK 64-Bit Server VM"/>
    <property name="java.vendor.version" value="Corretto-17.0.4.8.1"/>
    <property name="localRepository" value="C:\Users\joao.villar\.m2\repository"/>
    <property name="java.vendor.url.bug" value="https://github.com/corretto/corretto-17/issues/"/>
    <property name="java.io.tmpdir" value="C:\Users\JOAO~1.VIL\AppData\Local\Temp\"/>
    <property name="idea.version" value="2022.2"/>
    <property name="java.version" value="17.0.4"/>
    <property name="user.dir" value="C:\Users\joao.villar\Documents\Projetos\sdp-core-pattern-github"/>
    <property name="os.arch" value="amd64"/>
    <property name="java.vm.specification.name" value="Java Virtual Machine Specification"/>
    <property name="sun.os.patch.level" value=""/>
    <property name="native.encoding" value="Cp1252"/>
    <property name="java.library.path" value="C:\Users\joao.villar\.jdks\corretto-17.0.4\bin;C:\WINDOWS\Sun\Java\bin;C:\WINDOWS\system32;C:\WINDOWS;C:\Users\joao.villar\AppData\Local\Programs\Python\Python310\Scripts\;C:\Users\joao.villar\AppData\Local\Programs\Python\Python310\;C:\Program Files (x86)\Common Files\Oracle\Java\javapath;C:\WINDOWS\system32;C:\WINDOWS;C:\WINDOWS\System32\Wbem;C:\WINDOWS\System32\WindowsPowerShell\v1.0\;C:\WINDOWS\System32\OpenSSH\;C:\Program Files\Amazon\AWSCLI\bin\;C:\Program Files\Git\cmd;C:\Program Files\Docker\Docker\resources\bin;C:\ProgramData\DockerDesktop\version-bin;C:\Program Files\dotnet\;C:\ProgramData\chocolatey\bin;C:\Users\joao.villar\AppData\Roaming\npm;%AppData%\npm;C:\Users\joao.villar\AppData\Roaming\nvm;C:\Program Files\nodejs;C:\Users\joao.villar\AppData\Local\Microsoft\WindowsApps;C:\Program Files\JetBrains\IntelliJ IDEA Community Edition 2021.3.3\bin;;C:\Users\joao.villar\AppData\Local\Programs\Microsoft VS Code\bin;C:\Users\joao.villar\AppData\Roaming\npm;C:\Users\joao.villar\AppData\Roaming\npm;C:\Users\joao.villar\AppData\Roaming\nvm;C:\Program Files\nodejs;C:\Program Files\JetBrains\IntelliJ IDEA 2022.2\bin;;C:\Users\joao.villar\AppData\Local\JetBrains\Toolbox\scripts;."/>
    <property name="java.vm.info" value="mixed mode, sharing"/>
    <property name="java.vendor" value="Amazon.com Inc."/>
    <property name="java.vm.version" value="17.0.4+8-LTS"/>
    <property name="sun.io.unicode.encoding" value="UnicodeLittle"/>
    <property name="java.class.version" value="61.0"/>
  </properties>
  <testcase name="contextLoads" classname="br.com.akross.sdpcorepattern.SdpCorePatternGithubApplicationTests" time="0.657"/>
</testsuite>